<?xml version="1.0" encoding="UTF-8"?>
<coverage generated="1638052658550" clover="3.2.0">
  <project timestamp="1638052658550" name="All files">
    <metrics statements="25" coveredstatements="25" conditionals="4" coveredconditionals="3" methods="2" coveredmethods="2" elements="31" coveredelements="30" complexity="0" loc="25" ncloc="25" packages="1" files="1" classes="1"/>
    <file name="app.js" path="/Users/akramrasikh/projects/film-poc/gateway-api/app.js">
      <metrics statements="25" coveredstatements="25" conditionals="4" coveredconditionals="3" methods="2" coveredmethods="2"/>
      <line num="1" count="1" type="stmt"/>
      <line num="2" count="1" type="stmt"/>
      <line num="4" count="1" type="stmt"/>
      <line num="5" count="1" type="stmt"/>
      <line num="6" count="1" type="stmt"/>
      <line num="8" count="1" type="stmt"/>
      <line num="10" count="1" type="stmt"/>
      <line num="11" count="2" type="stmt"/>
      <line num="12" count="2" type="stmt"/>
      <line num="13" count="1" type="stmt"/>
      <line num="15" count="1" type="stmt"/>
      <line num="19" count="1" type="stmt"/>
      <line num="20" count="3" type="stmt"/>
      <line num="21" count="3" type="stmt"/>
      <line num="22" count="1" type="stmt"/>
      <line num="23" count="1" type="stmt"/>
      <line num="24" count="1" type="stmt"/>
      <line num="26" count="2" type="stmt"/>
      <line num="27" count="2" type="cond" truecount="2" falsecount="0"/>
      <line num="28" count="1" type="stmt"/>
      <line num="30" count="2" type="stmt"/>
      <line num="35" count="1" type="cond" truecount="1" falsecount="1"/>
      <line num="37" count="1" type="stmt"/>
      <line num="39" count="1" type="stmt"/>
      <line num="41" count="1" type="stmt"/>
    </file>
  </project>
</coverage>
