{"/Users/akramrasikh/projects/film-poc/gateway-api/app.js": {"path":"/Users/akramrasikh/projects/film-poc/gateway-api/app.js","statementMap":{"0":{"start":{"line":1,"column":0},"end":{"line":1,"column":27}},"1":{"start":{"line":2,"column":16},"end":{"line":2,"column":34}},"2":{"start":{"line":4,"column":12},"end":{"line":4,"column":21}},"3":{"start":{"line":5,"column":19},"end":{"line":5,"column":41}},"4":{"start":{"line":6,"column":27},"end":{"line":6,"column":43}},"5":{"start":{"line":8,"column":0},"end":{"line":8,"column":27}},"6":{"start":{"line":10,"column":0},"end":{"line":17,"column":3}},"7":{"start":{"line":11,"column":2},"end":{"line":16,"column":3}},"8":{"start":{"line":12,"column":21},"end":{"line":12,"column":59}},"9":{"start":{"line":13,"column":4},"end":{"line":13,"column":31}},"10":{"start":{"line":15,"column":4},"end":{"line":15,"column":47}},"11":{"start":{"line":19,"column":0},"end":{"line":32,"column":3}},"12":{"start":{"line":20,"column":2},"end":{"line":31,"column":3}},"13":{"start":{"line":21,"column":21},"end":{"line":21,"column":77}},"14":{"start":{"line":22,"column":4},"end":{"line":22,"column":50}},"15":{"start":{"line":23,"column":25},"end":{"line":23,"column":38}},"16":{"start":{"line":24,"column":4},"end":{"line":24,"column":39}},"17":{"start":{"line":26,"column":29},"end":{"line":26,"column":41}},"18":{"start":{"line":27,"column":4},"end":{"line":29,"column":5}},"19":{"start":{"line":28,"column":6},"end":{"line":28,"column":55}},"20":{"start":{"line":30,"column":4},"end":{"line":30,"column":34}},"21":{"start":{"line":35,"column":2},"end":{"line":35,"column":76}},"22":{"start":{"line":37,"column":0},"end":{"line":37,"column":17}},"23":{"start":{"line":39,"column":0},"end":{"line":39,"column":38}},"24":{"start":{"line":41,"column":0},"end":{"line":43,"column":2}}},"fnMap":{"0":{"name":"(anonymous_0)","decl":{"start":{"line":10,"column":19},"end":{"line":10,"column":20}},"loc":{"start":{"line":10,"column":37},"end":{"line":17,"column":1}},"line":10},"1":{"name":"(anonymous_1)","decl":{"start":{"line":19,"column":21},"end":{"line":19,"column":22}},"loc":{"start":{"line":19,"column":41},"end":{"line":32,"column":1}},"line":19}},"branchMap":{"0":{"loc":{"start":{"line":27,"column":4},"end":{"line":29,"column":5}},"type":"if","locations":[{"start":{"line":27,"column":4},"end":{"line":29,"column":5}},{"start":{},"end":{}}],"line":27},"1":{"loc":{"start":{"line":35,"column":2},"end":{"line":35,"column":76}},"type":"cond-expr","locations":[{"start":{"line":35,"column":36},"end":{"line":35,"column":57}},{"start":{"line":35,"column":60},"end":{"line":35,"column":76}}],"line":35}},"s":{"0":1,"1":1,"2":1,"3":1,"4":1,"5":1,"6":1,"7":2,"8":2,"9":1,"10":1,"11":1,"12":3,"13":3,"14":1,"15":1,"16":1,"17":2,"18":2,"19":1,"20":2,"21":1,"22":1,"23":1,"24":1},"f":{"0":2,"1":3},"b":{"0":[1,1],"1":[1,0]},"_coverageSchema":"1a1c01bbd47fc00a2c39e90264f33305004495a9","hash":"a62d001dd2ff13f4ee578deda80e017adbf15d3c"}
}
