{"/Users/akramrasikh/projects/film-poc/gateway-api/app.js": {"path":"/Users/akramrasikh/projects/film-poc/gateway-api/app.js","statementMap":{"0":{"start":{"line":1,"column":0},"end":{"line":1,"column":27}},"1":{"start":{"line":2,"column":16},"end":{"line":2,"column":34}},"2":{"start":{"line":3,"column":12},"end":{"line":3,"column":21}},"3":{"start":{"line":4,"column":19},"end":{"line":4,"column":41}},"4":{"start":{"line":6,"column":0},"end":{"line":6,"column":27}},"5":{"start":{"line":8,"column":0},"end":{"line":14,"column":3}},"6":{"start":{"line":9,"column":2},"end":{"line":13,"column":3}},"7":{"start":{"line":10,"column":4},"end":{"line":10,"column":29}},"8":{"start":{"line":12,"column":4},"end":{"line":12,"column":32}},"9":{"start":{"line":17,"column":2},"end":{"line":17,"column":76}},"10":{"start":{"line":18,"column":0},"end":{"line":18,"column":17}},"11":{"start":{"line":20,"column":0},"end":{"line":20,"column":38}},"12":{"start":{"line":22,"column":0},"end":{"line":24,"column":2}}},"fnMap":{"0":{"name":"(anonymous_0)","decl":{"start":{"line":8,"column":13},"end":{"line":8,"column":14}},"loc":{"start":{"line":8,"column":37},"end":{"line":14,"column":1}},"line":8}},"branchMap":{"0":{"loc":{"start":{"line":17,"column":2},"end":{"line":17,"column":76}},"type":"cond-expr","locations":[{"start":{"line":17,"column":36},"end":{"line":17,"column":57}},{"start":{"line":17,"column":60},"end":{"line":17,"column":76}}],"line":17}},"s":{"0":1,"1":1,"2":1,"3":1,"4":1,"5":1,"6":0,"7":0,"8":0,"9":1,"10":1,"11":1,"12":1},"f":{"0":0},"b":{"0":[1,0]},"_coverageSchema":"1a1c01bbd47fc00a2c39e90264f33305004495a9","hash":"c663bcd34435f8e6d54f1568c4ac9ad410b9f0d0"}
}
